# JRE version: Java(TM) SE Runtime Environment (8.0_112-b15) (build 1.8.0_112-b15)
# Java VM: Java HotSpot(TM) 64-Bit Server VM (25.112-b15 mixed mode windows-amd64 compressed oops)
Heap:
 PSYoungGen      total 55296K, used 5432K [0x00000007bc400000, 0x00000007c0000000, 0x00000007c0000000)
  eden space 49152K, 6% used [0x00000007bc400000,0x00000007bc70f0e8,0x00000007bf400000)
  from space 6144K, 37% used [0x00000007bf400000,0x00000007bf63f118,0x00000007bfa00000)
  to   space 5632K, 0% used [0x00000007bfa80000,0x00000007bfa80000,0x00000007c0000000)
 ParOldGen       total 217088K, used 58139K [0x0000000700000000, 0x000000070d400000, 0x00000007bc400000)
  object space 217088K, 26% used [0x0000000700000000,0x00000007038c6e30,0x000000070d400000)
 Metaspace       used 74769K, capacity 75547K, committed 76120K, reserved 1114112K
  class space    used 10377K, capacity 10530K, committed 10584K, reserved 1048576K
GC Heap History (10 events):
Event: 2362.365 GC heap before
{Heap before GC invocations=216 (full 10):
 PSYoungGen      total 54272K, used 22227K [0x00000007bc400000, 0x00000007c0000000, 0x00000007c0000000)
  eden space 50176K, 36% used [0x00000007bc400000,0x00000007bd5e82d8,0x00000007bf500000)
  from space 4096K, 94% used [0x00000007bf500000,0x00000007bf8ccc08,0x00000007bf900000)
  to   space 6144K, 0% used [0x00000007bfa00000,0x00000007bfa00000,0x00000007c0000000)
 ParOldGen       total 217088K, used 60636K [0x0000000700000000, 0x000000070d400000, 0x00000007bc400000)
  object space 217088K, 27% used [0x0000000700000000,0x0000000703b37120,0x000000070d400000)
 Metaspace       used 74591K, capacity 75323K, committed 76120K, reserved 1114112K
  class space    used 10366K, capacity 10498K, committed 10584K, reserved 1048576K
Event: 2362.369 GC heap after
Heap after GC invocations=216 (full 10):
 PSYoungGen      total 55296K, used 3730K [0x00000007bc400000, 0x00000007c0000000, 0x00000007c0000000)
  eden space 49152K, 0% used [0x00000007bc400000,0x00000007bc400000,0x00000007bf400000)
  from space 6144K, 60% used [0x00000007bfa00000,0x00000007bfda4bd0,0x00000007c0000000)
  to   space 6144K, 0% used [0x00000007bf400000,0x00000007bf400000,0x00000007bfa00000)
 ParOldGen       total 217088K, used 60636K [0x0000000700000000, 0x000000070d400000, 0x00000007bc400000)
  object space 217088K, 27% used [0x0000000700000000,0x0000000703b37120,0x000000070d400000)
 Metaspace       used 74591K, capacity 75323K, committed 76120K, reserved 1114112K
  class space    used 10366K, capacity 10498K, committed 10584K, reserved 1048576K
}
Event: 2362.369 GC heap before
{Heap before GC invocations=217 (full 11):
 PSYoungGen      total 55296K, used 3730K [0x00000007bc400000, 0x00000007c0000000, 0x00000007c0000000)
  eden space 49152K, 0% used [0x00000007bc400000,0x00000007bc400000,0x00000007bf400000)
  from space 6144K, 60% used [0x00000007bfa00000,0x00000007bfda4bd0,0x00000007c0000000)
  to   space 6144K, 0% used [0x00000007bf400000,0x00000007bf400000,0x00000007bfa00000)
 ParOldGen       total 217088K, used 60636K [0x0000000700000000, 0x000000070d400000, 0x00000007bc400000)
  object space 217088K, 27% used [0x0000000700000000,0x0000000703b37120,0x000000070d400000)
 Metaspace       used 74591K, capacity 75323K, committed 76120K, reserved 1114112K
  class space    used 10366K, capacity 10498K, committed 10584K, reserved 1048576K
Event: 2362.527 GC heap after
Heap after GC invocations=217 (full 11):
 PSYoungGen      total 55296K, used 0K [0x00000007bc400000, 0x00000007c0000000, 0x00000007c0000000)
  eden space 49152K, 0% used [0x00000007bc400000,0x00000007bc400000,0x00000007bf400000)
  from space 6144K, 0% used [0x00000007bfa00000,0x00000007bfa00000,0x00000007c0000000)
  to   space 6144K, 0% used [0x00000007bf400000,0x00000007bf400000,0x00000007bfa00000)
 ParOldGen       total 217088K, used 58139K [0x0000000700000000, 0x000000070d400000, 0x00000007bc400000)
  object space 217088K, 26% used [0x0000000700000000,0x00000007038c6e30,0x000000070d400000)
 Metaspace       used 74591K, capacity 75323K, committed 76120K, reserved 1114112K
  class space    used 10366K, capacity 10498K, committed 10584K, reserved 1048576K
}
Event: 2363.874 GC heap before
{Heap before GC invocations=218 (full 11):
 PSYoungGen      total 55296K, used 49152K [0x00000007bc400000, 0x00000007c0000000, 0x00000007c0000000)
  eden space 49152K, 100% used [0x00000007bc400000,0x00000007bf400000,0x00000007bf400000)
  from space 6144K, 0% used [0x00000007bfa00000,0x00000007bfa00000,0x00000007c0000000)
  to   space 6144K, 0% used [0x00000007bf400000,0x00000007bf400000,0x00000007bfa00000)
 ParOldGen       total 217088K, used 58139K [0x0000000700000000, 0x000000070d400000, 0x00000007bc400000)
  object space 217088K, 26% used [0x0000000700000000,0x00000007038c6e30,0x000000070d400000)
 Metaspace       used 74609K, capacity 75323K, committed 76120K, reserved 1114112K
  class space    used 10366K, capacity 10498K, committed 10584K, reserved 1048576K
Event: 2363.878 GC heap after
Heap after GC invocations=218 (full 11):
 PSYoungGen      total 55296K, used 2950K [0x00000007bc400000, 0x00000007c0000000, 0x00000007c0000000)
  eden space 49152K, 0% used [0x00000007bc400000,0x00000007bc400000,0x00000007bf400000)
  from space 6144K, 48% used [0x00000007bf400000,0x00000007bf6e1ac0,0x00000007bfa00000)
  to   space 6144K, 0% used [0x00000007bfa00000,0x00000007bfa00000,0x00000007c0000000)
 ParOldGen       total 217088K, used 58139K [0x0000000700000000, 0x000000070d400000, 0x00000007bc400000)
  object space 217088K, 26% used [0x0000000700000000,0x00000007038c6e30,0x000000070d400000)
 Metaspace       used 74609K, capacity 75323K, committed 76120K, reserved 1114112K
  class space    used 10366K, capacity 10498K, committed 10584K, reserved 1048576K
}
Event: 2367.123 GC heap before
{Heap before GC invocations=219 (full 11):
 PSYoungGen      total 55296K, used 52102K [0x00000007bc400000, 0x00000007c0000000, 0x00000007c0000000)
  eden space 49152K, 100% used [0x00000007bc400000,0x00000007bf400000,0x00000007bf400000)
  from space 6144K, 48% used [0x00000007bf400000,0x00000007bf6e1ac0,0x00000007bfa00000)
  to   space 6144K, 0% used [0x00000007bfa00000,0x00000007bfa00000,0x00000007c0000000)
 ParOldGen       total 217088K, used 58139K [0x0000000700000000, 0x000000070d400000, 0x00000007bc400000)
  object space 217088K, 26% used [0x0000000700000000,0x00000007038c6e30,0x000000070d400000)
 Metaspace       used 74677K, capacity 75387K, committed 76120K, reserved 1114112K
  class space    used 10366K, capacity 10498K, committed 10584K, reserved 1048576K
Event: 2367.132 GC heap after
Heap after GC invocations=219 (full 11):
 PSYoungGen      total 55296K, used 1687K [0x00000007bc400000, 0x00000007c0000000, 0x00000007c0000000)
  eden space 49152K, 0% used [0x00000007bc400000,0x00000007bc400000,0x00000007bf400000)
  from space 6144K, 27% used [0x00000007bfa00000,0x00000007bfba5e40,0x00000007c0000000)
  to   space 6144K, 0% used [0x00000007bf400000,0x00000007bf400000,0x00000007bfa00000)
 ParOldGen       total 217088K, used 58139K [0x0000000700000000, 0x000000070d400000, 0x00000007bc400000)
  object space 217088K, 26% used [0x0000000700000000,0x00000007038c6e30,0x000000070d400000)
 Metaspace       used 74677K, capacity 75387K, committed 76120K, reserved 1114112K
  class space    used 10366K, capacity 10498K, committed 10584K, reserved 1048576K
}
Event: 2371.472 GC heap before
{Heap before GC invocations=220 (full 11):
 PSYoungGen      total 55296K, used 50839K [0x00000007bc400000, 0x00000007c0000000, 0x00000007c0000000)
  eden space 49152K, 100% used [0x00000007bc400000,0x00000007bf400000,0x00000007bf400000)
  from space 6144K, 27% used [0x00000007bfa00000,0x00000007bfba5e40,0x00000007c0000000)
  to   space 6144K, 0% used [0x00000007bf400000,0x00000007bf400000,0x00000007bfa00000)
 ParOldGen       total 217088K, used 58139K [0x0000000700000000, 0x000000070d400000, 0x00000007bc400000)
  object space 217088K, 26% used [0x0000000700000000,0x00000007038c6e30,0x000000070d400000)
 Metaspace       used 74768K, capacity 75547K, committed 76120K, reserved 1114112K
  class space    used 10377K, capacity 10530K, committed 10584K, reserved 1048576K
Event: 2371.480 GC heap after
Heap after GC invocations=220 (full 11):
 PSYoungGen      total 55296K, used 2300K [0x00000007bc400000, 0x00000007c0000000, 0x00000007c0000000)
  eden space 49152K, 0% used [0x00000007bc400000,0x00000007bc400000,0x00000007bf400000)
  from space 6144K, 37% used [0x00000007bf400000,0x00000007bf63f118,0x00000007bfa00000)
  to   space 5632K, 0% used [0x00000007bfa80000,0x00000007bfa80000,0x00000007c0000000)
 ParOldGen       total 217088K, used 58139K [0x0000000700000000, 0x000000070d400000, 0x00000007bc400000)
  object space 217088K, 26% used [0x0000000700000000,0x00000007038c6e30,0x000000070d400000)
 Metaspace       used 74768K, capacity 75547K, committed 76120K, reserved 1114112K
  class space    used 10377K, capacity 10530K, committed 10584K, reserved 1048576K
}

